0 info it worked if it ends with ok
1 verbose cli [ '/usr/bin/nodejs', '/home/twxia/npm-global/bin/npm', 'start' ]
2 info using npm@3.8.8
3 info using node@v4.4.2
4 verbose run-script [ 'prestart', 'start', 'poststart' ]
5 info lifecycle tv_screen@0.0.0~prestart: tv_screen@0.0.0
6 silly lifecycle tv_screen@0.0.0~prestart: no script for prestart, continuing
7 info lifecycle tv_screen@0.0.0~start: tv_screen@0.0.0
8 verbose lifecycle tv_screen@0.0.0~start: unsafe-perm in lifecycle true
9 verbose lifecycle tv_screen@0.0.0~start: PATH: /home/twxia/npm-global/lib/node_modules/npm/bin/node-gyp-bin:/home/twxia/ntuaf/Door/tv/node_modules/.bin:/usr/bin:/usr/local/heroku/bin:/home/twxia/.rbenv/shims:/home/twxia/.rbenv/bin:/home/twxia/npm-global/bin:/usr/local/sbin:/usr/local/bin:/usr/sbin:/usr/bin:/sbin:/bin:/usr/games:/usr/local/games:/home/twxia/.rvm/bin:/home/twxia/.rvm/bin:/home/twxia/.node/bin
10 verbose lifecycle tv_screen@0.0.0~start: CWD: /home/twxia/ntuaf/Door/tv
11 silly lifecycle tv_screen@0.0.0~start: Args: [ '-c', 'node ./bin/www' ]
12 silly lifecycle tv_screen@0.0.0~start: Returned: code: 1  signal: null
13 info lifecycle tv_screen@0.0.0~start: Failed to exec start script
14 verbose stack Error: tv_screen@0.0.0 start: `node ./bin/www`
14 verbose stack Exit status 1
14 verbose stack     at EventEmitter.<anonymous> (/home/twxia/npm-global/lib/node_modules/npm/lib/utils/lifecycle.js:244:16)
14 verbose stack     at emitTwo (events.js:87:13)
14 verbose stack     at EventEmitter.emit (events.js:172:7)
14 verbose stack     at ChildProcess.<anonymous> (/home/twxia/npm-global/lib/node_modules/npm/lib/utils/spawn.js:24:14)
14 verbose stack     at emitTwo (events.js:87:13)
14 verbose stack     at ChildProcess.emit (events.js:172:7)
14 verbose stack     at maybeClose (internal/child_process.js:827:16)
14 verbose stack     at Process.ChildProcess._handle.onexit (internal/child_process.js:211:5)
15 verbose pkgid tv_screen@0.0.0
16 verbose cwd /home/twxia/ntuaf/Door/tv
17 error Linux 3.19.0-56-generic
18 error argv "/usr/bin/nodejs" "/home/twxia/npm-global/bin/npm" "start"
19 error node v4.4.2
20 error npm  v3.8.8
21 error code ELIFECYCLE
22 error tv_screen@0.0.0 start: `node ./bin/www`
22 error Exit status 1
23 error Failed at the tv_screen@0.0.0 start script 'node ./bin/www'.
23 error Make sure you have the latest version of node.js and npm installed.
23 error If you do, this is most likely a problem with the tv_screen package,
23 error not with npm itself.
23 error Tell the author that this fails on your system:
23 error     node ./bin/www
23 error You can get information on how to open an issue for this project with:
23 error     npm bugs tv_screen
23 error Or if that isn't available, you can get their info via:
23 error     npm owner ls tv_screen
23 error There is likely additional logging output above.
24 verbose exit [ 1, true ]
